<?xml version="1.0" encoding="UTF-8"?>
<!-- Generated by org.testng.reporters.JUnitReportReporter -->
<testsuite hostname="DESKTOP-C3E06PS" name="com.pho.tester.test" tests="1" failures="0" timestamp="15 Sep 2020 09:18:17 GMT" time="0.022" errors="0">
  <testcase name="sddd" time="0.022" classname="com.pho.tester.test"/>
</testsuite> <!-- com.pho.tester.test -->
